<?xml version="1.0" encoding="UTF-8"?>
<!-- Generated by org.testng.reporters.JUnitXMLReporter -->
<testsuite hostname="LAPTOP-4VF194Q1" ignored="14" name="Test" tests="10" failures="1" timestamp="2022-09-23T08:57:38 IST" time="419.806" errors="0">
  <testcase name="productAvailabilityTest" time="7.274" classname="com.seleniumAutomation.testCases.SearchResultPageTest"/>
  <testcase name="verifyLogo" time="0.153" classname="com.seleniumAutomation.testCases.IndexPageTest"/>
  <testcase name="verifyTitle" time="0.02" classname="com.seleniumAutomation.testCases.IndexPageTest"/>
  <testcase name="endToEndTest" time="61.017" classname="com.seleniumAutomation.testCases.EndToEndTest"/>
  <testcase name="addToCartTest" time="13.356" classname="com.seleniumAutomation.testCases.AddToCartPageTest"/>
  <testcase name="loginTest" time="14.943" classname="com.seleniumAutomation.testCases.LoginPageTest"/>
  <testcase name="verifyCreateAccountPageTest" time="9.604" classname="com.seleniumAutomation.testCases.AccountCreationPageTest"/>
  <testcase name="orderHistoryandDetailsTest" time="21.984" classname="com.seleniumAutomation.testCases.HomePageTest">
    <failure type="java.lang.AssertionError" message="expected [true] but found [false]">
      <![CDATA[java.lang.AssertionError: expected [true] but found [false]
at com.seleniumAutomation.testCases.HomePageTest.orderHistoryandDetailsTest(HomePageTest.java:52)
at java.util.ArrayList.forEach(ArrayList.java:1259)
... Removed 31 stack frames]]>
    </failure>
  </testcase> <!-- orderHistoryandDetailsTest -->
  <testcase name="wishListTest" time="12.949" classname="com.seleniumAutomation.testCases.HomePageTest"/>
  <testcase name="verifyTotalPrice" time="30.23" classname="com.seleniumAutomation.testCases.OrderPageTest"/>
  <testcase name="@AfterSuite afterSuite" time="0.0" classname="com.seleniumAutomation.base.BaseClass">
    <ignored/>
  </testcase> <!-- @AfterSuite afterSuite -->
  <testcase name="@AfterSuite afterSuite" time="0.0" classname="com.seleniumAutomation.base.BaseClass">
    <ignored/>
  </testcase> <!-- @AfterSuite afterSuite -->
  <testcase name="@AfterSuite afterSuite" time="0.0" classname="com.seleniumAutomation.base.BaseClass">
    <ignored/>
  </testcase> <!-- @AfterSuite afterSuite -->
  <testcase name="@AfterSuite afterSuite" time="0.0" classname="com.seleniumAutomation.base.BaseClass">
    <ignored/>
  </testcase> <!-- @AfterSuite afterSuite -->
  <testcase name="@AfterSuite afterSuite" time="0.0" classname="com.seleniumAutomation.base.BaseClass">
    <ignored/>
  </testcase> <!-- @AfterSuite afterSuite -->
  <testcase name="@AfterSuite afterSuite" time="0.0" classname="com.seleniumAutomation.base.BaseClass">
    <ignored/>
  </testcase> <!-- @AfterSuite afterSuite -->
  <testcase name="@AfterSuite afterSuite" time="0.0" classname="com.seleniumAutomation.base.BaseClass">
    <ignored/>
  </testcase> <!-- @AfterSuite afterSuite -->
  <testcase name="@BeforeSuite loadConfig" time="0.0" classname="com.seleniumAutomation.base.BaseClass">
    <ignored/>
  </testcase> <!-- @BeforeSuite loadConfig -->
  <testcase name="@BeforeSuite loadConfig" time="0.0" classname="com.seleniumAutomation.base.BaseClass">
    <ignored/>
  </testcase> <!-- @BeforeSuite loadConfig -->
  <testcase name="@BeforeSuite loadConfig" time="0.0" classname="com.seleniumAutomation.base.BaseClass">
    <ignored/>
  </testcase> <!-- @BeforeSuite loadConfig -->
  <testcase name="@BeforeSuite loadConfig" time="0.0" classname="com.seleniumAutomation.base.BaseClass">
    <ignored/>
  </testcase> <!-- @BeforeSuite loadConfig -->
  <testcase name="@BeforeSuite loadConfig" time="0.0" classname="com.seleniumAutomation.base.BaseClass">
    <ignored/>
  </testcase> <!-- @BeforeSuite loadConfig -->
  <testcase name="@BeforeSuite loadConfig" time="0.0" classname="com.seleniumAutomation.base.BaseClass">
    <ignored/>
  </testcase> <!-- @BeforeSuite loadConfig -->
  <testcase name="@BeforeSuite loadConfig" time="0.0" classname="com.seleniumAutomation.base.BaseClass">
    <ignored/>
  </testcase> <!-- @BeforeSuite loadConfig -->
</testsuite> <!-- Test -->
