<?xml version="1.0" encoding="UTF-8"?>
<!-- Generated by org.testng.reporters.JUnitXMLReporter -->
<testsuite hostname="LAPTOP-4VF194Q1" ignored="0" name="FirefoxTest" tests="2" failures="0" timestamp="2022-09-23T00:15:49 IST" time="135.759" errors="0">
  <testcase name="verifyLogo" time="0.154" classname="com.seleniumAutomation.testCases.IndexPageTest"/>
  <testcase name="verifyTitle" time="0.019" classname="com.seleniumAutomation.testCases.IndexPageTest"/>
</testsuite> <!-- FirefoxTest -->
